Arguments: 
  C:\Program Files\nodejs\node.exe C:\Users\GuiGuizinho\AppData\Roaming\npm\node_modules\yarn\bin\yarn.js add corsgit

PATH: 
  C:\Program Files (x86)\Common Files\Oracle\Java\javapath;C:\ProgramData\Oracle\Java\javapath;C:\Program Files (x86)\Intel\Intel(R) Management Engine Components\iCLS\;C:\Program Files\Intel\Intel(R) Management Engine Components\iCLS\;C:\Windows\system32;C:\Windows;C:\Windows\System32\Wbem;C:\Windows\System32\WindowsPowerShell\v1.0\;C:\Program Files (x86)\NVIDIA Corporation\PhysX\Common;C:\Program Files (x86)\GtkSharp\2.12\bin;C:\Program Files (x86)\Intel\Intel(R) Management Engine Components\DAL;C:\Program Files\Intel\Intel(R) Management Engine Components\DAL;C:\Program Files (x86)\Intel\Intel(R) Management Engine Components\IPT;C:\Program Files\Intel\Intel(R) Management Engine Components\IPT;C:\WINDOWS\system32;C:\WINDOWS;C:\WINDOWS\System32\Wbem;C:\WINDOWS\System32\WindowsPowerShell\v1.0\;C:\WINDOWS\System32\OpenSSH\;C:\Program Files\NVIDIA Corporation\NVIDIA NvDLISR;C:\Program Files\Microsoft VS Code\bin;C:\WINDOWS\system32;C:\WINDOWS;C:\WINDOWS\System32\Wbem;C:\WINDOWS\System32\WindowsPowerShell\v1.0\;C:\WINDOWS\System32\OpenSSH\;C:\Program Files\nodejs\;C:\Program Files\Git\cmd;C:\Program Files\MongoDB\Server\4.2\bin;C:\Program Files\MySQL\MySQL Shell 8.0\bin\;C:\Users\GuiGuizinho\AppData\Local\Programs\Python\Python38\Scripts\;C:\Users\GuiGuizinho\AppData\Local\Programs\Python\Python38\;C:\Program Files\Java\jdk-11.0.2\bin;C:\Program Files\Java\jdk1.8.0_181\bin;C:\Users\GuiGuizinho\AppData\Local\GitHubDesktop\bin;;C:\Users\GuiGuizinho\AppData\Local\Microsoft\WindowsApps;C:\Users\GuiGuizinho\AppData\Roaming\npm

Yarn version: 
  1.22.4

Node version: 
  12.14.0

Platform: 
  win32 x64

Trace: 
  Error: https://registry.yarnpkg.com/corsgit: Not found
      at Request.params.callback [as _callback] (C:\Users\GuiGuizinho\AppData\Roaming\npm\node_modules\yarn\lib\cli.js:66987:18)
      at Request.self.callback (C:\Users\GuiGuizinho\AppData\Roaming\npm\node_modules\yarn\lib\cli.js:140748:22)
      at Request.emit (events.js:210:5)
      at Request.<anonymous> (C:\Users\GuiGuizinho\AppData\Roaming\npm\node_modules\yarn\lib\cli.js:141720:10)
      at Request.emit (events.js:210:5)
      at IncomingMessage.<anonymous> (C:\Users\GuiGuizinho\AppData\Roaming\npm\node_modules\yarn\lib\cli.js:141642:12)
      at Object.onceWrapper (events.js:299:28)
      at IncomingMessage.emit (events.js:215:7)
      at endReadableNT (_stream_readable.js:1184:12)
      at processTicksAndRejections (internal/process/task_queues.js:80:21)

npm manifest: 
  {
    "name": "gestor-tcc-backend-api",
    "version": "1.0.0",
    "description": "",
    "main": "index.js",
    "scripts": {
      "dev": "nodemon src/server.js",
      "start": "node src/server.js"
    },
    "keywords": [],
    "author": "Guilherme Muniz Rodrigues do Carmo e Matheus Silva Justino",
    "license": "ISC",
    "dependencies": {
      "bcrypt": "^5.0.0",
      "compression": "^1.7.4",
      "consign": "^0.1.6",
      "cors": "^2.8.5",
      "express": "^4.17.1",
      "jwt-simple": "^0.5.6",
      "mongoose": "^5.10.5",
      "mongoose-paginate-v2": "^1.3.9",
      "nodemailer": "^6.4.13",
      "passport": "^0.4.1",
      "passport-jwt": "^4.0.0"
    },
    "devDependencies": {
      "dotenv": "^8.2.0",
      "nodemon": "^2.0.4",
      "yarn": "^1.22.5"
    }
  }

yarn manifest: 
  No manifest

Lockfile: 
  No lockfile
